[  0%] Built target snapstack_msgs_generate_messages_py
[  0%] Built target snapstack_msgs_generate_messages_eus
[  0%] Built target tf2_msgs_generate_messages_cpp
[35m[1mScanning dependencies of target outer_loop[0m
[  0%] Built target nav_msgs_generate_messages_eus
[  0%] Built target std_srvs_generate_messages_eus
[  0%] Built target actionlib_msgs_generate_messages_cpp
[  0%] Built target nav_msgs_generate_messages_lisp
[  0%] Built target actionlib_msgs_generate_messages_lisp
[  0%] Built target actionlib_msgs_generate_messages_nodejs
[  0%] Built target std_srvs_generate_messages_lisp
[  0%] Built target nav_msgs_generate_messages_cpp
[  0%] Built target rosgraph_msgs_generate_messages_eus
[  0%] Built target std_srvs_generate_messages_py
[  0%] Built target rosgraph_msgs_generate_messages_cpp
[  0%] Built target geometry_msgs_generate_messages_lisp
[  0%] Built target std_msgs_generate_messages_eus
[ 20%] [32mBuilding CXX object CMakeFiles/outer_loop.dir/src/outer_loop.cpp.o[0m
[ 20%] Built target roscpp_generate_messages_nodejs
[ 20%] Built target geometry_msgs_generate_messages_nodejs
[ 20%] Built target tf2_msgs_generate_messages_py
[ 20%] Built target snapstack_msgs_generate_messages_cpp
[ 20%] Built target snapstack_msgs_generate_messages_lisp
[ 20%] Built target geometry_msgs_generate_messages_py
[ 20%] Built target nav_msgs_generate_messages_py
[ 20%] Built target snapstack_msgs_generate_messages_nodejs
[ 20%] Built target tf2_msgs_generate_messages_lisp
[ 20%] Built target roscpp_generate_messages_cpp
[ 20%] Built target geometry_msgs_generate_messages_cpp
[ 20%] Built target roscpp_generate_messages_py
[ 20%] Built target rosgraph_msgs_generate_messages_py
[ 20%] Built target actionlib_msgs_generate_messages_eus
[ 20%] Built target std_srvs_generate_messages_nodejs
[ 20%] Built target nav_msgs_generate_messages_nodejs
[ 20%] Built target rosgraph_msgs_generate_messages_lisp
[ 20%] Built target std_msgs_generate_messages_lisp
[ 20%] Built target tf2_msgs_generate_messages_nodejs
[ 20%] Built target roscpp_generate_messages_lisp
[ 20%] Built target tf2_msgs_generate_messages_eus
[ 20%] Built target rosgraph_msgs_generate_messages_nodejs
[ 20%] Built target actionlib_msgs_generate_messages_py
[ 20%] Built target roscpp_generate_messages_eus
[ 20%] Built target geometry_msgs_generate_messages_eus
[ 20%] Built target std_msgs_generate_messages_py
[ 20%] Built target std_msgs_generate_messages_nodejs
[ 20%] Built target std_srvs_generate_messages_cpp
[ 20%] Built target std_msgs_generate_messages_cpp
[ 40%] [32m[1mLinking CXX shared library /home/raphaelpeabody/r/simulation_ws/devel/.private/outer_loop/lib/libouter_loop.so[0m
[ 40%] Built target outer_loop
[35m[1mScanning dependencies of target outer_loop_node[0m
make[2]: *** No rule to make target '/home/raphaelpeabody/r/simulation_ws/src/outer_loop/src/outer_loop_ros.cpp', needed by 'CMakeFiles/outer_loop_node.dir/src/outer_loop_ros.cpp.o'.  Stop.
make[2]: *** Waiting for unfinished jobs....
[ 60%] [32mBuilding CXX object CMakeFiles/outer_loop_node.dir/src/outer_loop_node.cpp.o[0m
[01m[K/home/raphaelpeabody/r/simulation_ws/src/outer_loop/src/outer_loop_node.cpp:12:10:[m[K [01;31m[Kfatal error: [m[Kouter_loop/outer_loop_ros.h: No such file or directory
   12 | #include [01;31m[K<outer_loop/outer_loop_ros.h>[m[K
      |          [01;31m[K^~~~~~~~~~~~~~~~~~~~~~~~~~~~~[m[K
compilation terminated.
make[2]: *** [CMakeFiles/outer_loop_node.dir/build.make:63: CMakeFiles/outer_loop_node.dir/src/outer_loop_node.cpp.o] Error 1
make[1]: *** [CMakeFiles/Makefile2:1285: CMakeFiles/outer_loop_node.dir/all] Error 2
make: *** [Makefile:141: all] Error 2
