make[2]: *** No rule to make target '/home/raphaelpeabody/r/simulation_ws/src/outer_loop/src/outer_loop_ros.cpp', needed by 'CMakeFiles/outer_loop_node.dir/src/outer_loop_ros.cpp.o'.  Stop.
make[2]: *** Waiting for unfinished jobs....
[01m[K/home/raphaelpeabody/r/simulation_ws/src/outer_loop/src/outer_loop_node.cpp:12:10:[m[K [01;31m[Kfatal error: [m[Kouter_loop/outer_loop_ros.h: No such file or directory
   12 | #include [01;31m[K<outer_loop/outer_loop_ros.h>[m[K
      |          [01;31m[K^~~~~~~~~~~~~~~~~~~~~~~~~~~~~[m[K
compilation terminated.
make[2]: *** [CMakeFiles/outer_loop_node.dir/build.make:63: CMakeFiles/outer_loop_node.dir/src/outer_loop_node.cpp.o] Error 1
make[1]: *** [CMakeFiles/Makefile2:1285: CMakeFiles/outer_loop_node.dir/all] Error 2
make: *** [Makefile:141: all] Error 2
